Epoch=0 | 0.13% | loss = 1.89291
Epoch=0 | 2.79% | loss = 1.62259
Epoch=0 | 5.44% | loss = 1.34392
Epoch=0 | 8.10% | loss = 1.29346
Epoch=0 | 10.76% | loss = 1.07973
Epoch=0 | 13.41% | loss = 0.94592
Epoch=0 | 16.07% | loss = 1.17523
Epoch=0 | 18.73% | loss = 1.00077
Epoch=0 | 21.38% | loss = 0.98373
Epoch=0 | 24.04% | loss = 0.76508
Epoch=0 | 26.69% | loss = 0.74880
Epoch=0 | 29.35% | loss = 0.64037
Epoch=0 | 32.01% | loss = 0.56252
Epoch=0 | 34.66% | loss = 0.85599
Epoch=0 | 37.32% | loss = 0.92405
Epoch=0 | 39.97% | loss = 0.65531
Epoch=0 | 42.63% | loss = 0.57907
Epoch=0 | 45.29% | loss = 0.32911
Epoch=0 | 47.94% | loss = 0.57198
Epoch=0 | 50.60% | loss = 0.49563
Epoch=0 | 53.25% | loss = 0.30038
Epoch=0 | 55.91% | loss = 0.29699
Epoch=0 | 58.57% | loss = 0.23298
Epoch=0 | 61.22% | loss = 0.67140
Epoch=0 | 63.88% | loss = 0.30038
Epoch=0 | 66.53% | loss = 0.50197
Epoch=0 | 69.19% | loss = 0.39674
Epoch=0 | 71.85% | loss = 0.35419
Epoch=0 | 74.50% | loss = 0.43256
Epoch=0 | 77.16% | loss = 0.46847
Epoch=0 | 79.81% | loss = 0.28704
Epoch=0 | 82.47% | loss = 0.89445
Epoch=0 | 85.13% | loss = 0.18918
Epoch=0 | 87.78% | loss = 0.41862
Epoch=0 | 90.44% | loss = 0.28155
Epoch=0 | 93.09% | loss = 0.46094
Epoch=0 | 95.75% | loss = 0.39656
Epoch=0 | 98.41% | loss = 0.48957
Epoch=0 | 0.80% | loss = 0.20805
Epoch=0 | 16.80% | loss = 0.38265
Epoch=0 | 32.80% | loss = 0.31229
Epoch=0 | 48.80% | loss = 0.61096
Epoch=0 | 64.80% | loss = 0.32084
Epoch=0 | 80.80% | loss = 0.23750
Epoch=0 | 96.80% | loss = 0.49787
Epoch=1 | 0.13% | loss = 0.35081
Epoch=1 | 2.79% | loss = 0.22870
Epoch=1 | 5.44% | loss = 0.14001
Epoch=1 | 8.10% | loss = 0.92465
Epoch=1 | 10.76% | loss = 0.11842
Epoch=1 | 13.41% | loss = 0.33285
Epoch=1 | 16.07% | loss = 0.67144
Epoch=1 | 18.73% | loss = 0.13235
Epoch=1 | 21.38% | loss = 0.43379
Epoch=1 | 24.04% | loss = 0.21094
Epoch=1 | 26.69% | loss = 0.23545
Epoch=1 | 29.35% | loss = 0.55615
Epoch=1 | 32.01% | loss = 0.61676
Epoch=1 | 34.66% | loss = 0.97947
Epoch=1 | 37.32% | loss = 0.45306
Epoch=1 | 39.97% | loss = 0.33458
Epoch=1 | 42.63% | loss = 0.45928
Epoch=1 | 45.29% | loss = 0.20094
Epoch=1 | 47.94% | loss = 0.16819
Epoch=1 | 50.60% | loss = 0.14687
Epoch=1 | 53.25% | loss = 0.08194
Epoch=1 | 55.91% | loss = 0.34758
Epoch=1 | 58.57% | loss = 0.67811
Epoch=1 | 61.22% | loss = 0.56968
Epoch=1 | 63.88% | loss = 0.08874
Epoch=1 | 66.53% | loss = 0.40017
Epoch=1 | 69.19% | loss = 0.55714
Epoch=1 | 71.85% | loss = 0.30036
Epoch=1 | 74.50% | loss = 0.19652
Epoch=1 | 77.16% | loss = 0.12179
Epoch=1 | 79.81% | loss = 0.31041
Epoch=1 | 82.47% | loss = 0.24710
Epoch=1 | 85.13% | loss = 0.50817
Epoch=1 | 87.78% | loss = 0.35322
Epoch=1 | 90.44% | loss = 0.35611
Epoch=1 | 93.09% | loss = 0.39134
Epoch=1 | 95.75% | loss = 0.30179
Epoch=1 | 98.41% | loss = 0.49915
Epoch=1 | 0.80% | loss = 0.29291
Epoch=1 | 16.80% | loss = 0.39297
Epoch=1 | 32.80% | loss = 0.06643
Epoch=1 | 48.80% | loss = 0.23295
Epoch=1 | 64.80% | loss = 0.06729
Epoch=1 | 80.80% | loss = 0.19120
Epoch=1 | 96.80% | loss = 0.21131
Epoch=2 | 0.13% | loss = 0.22205
Epoch=2 | 2.79% | loss = 0.16682
Epoch=2 | 5.44% | loss = 0.80544
Epoch=2 | 8.10% | loss = 0.28707
Epoch=2 | 10.76% | loss = 0.29519
Epoch=2 | 13.41% | loss = 0.34311
Epoch=2 | 16.07% | loss = 0.19399
Epoch=2 | 18.73% | loss = 0.31228
Epoch=2 | 21.38% | loss = 0.19752
Epoch=2 | 24.04% | loss = 0.37258
Epoch=2 | 26.69% | loss = 0.21003
Epoch=2 | 29.35% | loss = 0.79197
Epoch=2 | 32.01% | loss = 0.33147
Epoch=2 | 34.66% | loss = 0.05930
Epoch=2 | 37.32% | loss = 0.61618
Epoch=2 | 39.97% | loss = 0.04857
Epoch=2 | 42.63% | loss = 0.33700
Epoch=2 | 45.29% | loss = 0.14937
Epoch=2 | 47.94% | loss = 0.16486
Epoch=2 | 50.60% | loss = 0.14182
Epoch=2 | 53.25% | loss = 0.21892
Epoch=2 | 55.91% | loss = 0.63966
Epoch=2 | 58.57% | loss = 0.34623
Epoch=2 | 61.22% | loss = 0.12710
Epoch=2 | 63.88% | loss = 0.17529
Epoch=2 | 66.53% | loss = 0.27153
Epoch=2 | 69.19% | loss = 0.13278
Epoch=2 | 71.85% | loss = 0.28556
Epoch=2 | 74.50% | loss = 0.45542
Epoch=2 | 77.16% | loss = 0.26921
Epoch=2 | 79.81% | loss = 0.15253
Epoch=2 | 82.47% | loss = 0.25675
Epoch=2 | 85.13% | loss = 0.30963
Epoch=2 | 87.78% | loss = 0.17618
Epoch=2 | 90.44% | loss = 0.20567
Epoch=2 | 93.09% | loss = 0.37715
Epoch=2 | 95.75% | loss = 0.36127
Epoch=2 | 98.41% | loss = 0.02806
Epoch=2 | 0.80% | loss = 0.10699
Epoch=2 | 16.80% | loss = 0.03932
Epoch=2 | 32.80% | loss = 0.27779
Epoch=2 | 48.80% | loss = 0.14236
Epoch=2 | 64.80% | loss = 0.47127
Epoch=2 | 80.80% | loss = 0.36148
Epoch=2 | 96.80% | loss = 0.44980
Epoch=3 | 0.13% | loss = 0.09078
Epoch=3 | 2.79% | loss = 0.23541
Epoch=3 | 5.44% | loss = 0.32267
Epoch=3 | 8.10% | loss = 0.25436
Epoch=3 | 10.76% | loss = 0.23699
Epoch=3 | 13.41% | loss = 0.17667
Epoch=3 | 16.07% | loss = 0.07003
Epoch=3 | 18.73% | loss = 0.13181
Epoch=3 | 21.38% | loss = 0.17607
Epoch=3 | 24.04% | loss = 0.40064
Epoch=3 | 26.69% | loss = 0.12267
Epoch=3 | 29.35% | loss = 0.34248
Epoch=3 | 32.01% | loss = 0.26320
Epoch=3 | 34.66% | loss = 0.81567
Epoch=3 | 37.32% | loss = 0.33716
Epoch=3 | 39.97% | loss = 0.38915
Epoch=3 | 42.63% | loss = 0.12969
Epoch=3 | 45.29% | loss = 0.12303
Epoch=3 | 47.94% | loss = 0.43180
Epoch=3 | 50.60% | loss = 0.08688
Epoch=3 | 53.25% | loss = 0.04219
Epoch=3 | 55.91% | loss = 0.06501
Epoch=3 | 58.57% | loss = 0.26730
Epoch=3 | 61.22% | loss = 0.25556
Epoch=3 | 63.88% | loss = 0.23386
Epoch=3 | 66.53% | loss = 0.20708
Epoch=3 | 69.19% | loss = 0.27048
Epoch=3 | 71.85% | loss = 0.26979
Epoch=3 | 74.50% | loss = 0.19458
Epoch=3 | 77.16% | loss = 0.26281
Epoch=3 | 79.81% | loss = 0.11804
Epoch=3 | 82.47% | loss = 0.35774
Epoch=3 | 85.13% | loss = 0.05265
Epoch=3 | 87.78% | loss = 0.41606
Epoch=3 | 90.44% | loss = 0.06017
Epoch=3 | 93.09% | loss = 0.24067
Epoch=3 | 95.75% | loss = 0.04638
Epoch=3 | 98.41% | loss = 0.25594
Epoch=3 | 0.80% | loss = 0.06036
Epoch=3 | 16.80% | loss = 0.16592
Epoch=3 | 32.80% | loss = 0.28243
Epoch=3 | 48.80% | loss = 0.26839
Epoch=3 | 64.80% | loss = 0.25450
Epoch=3 | 80.80% | loss = 0.27345
Epoch=3 | 96.80% | loss = 0.21389
Epoch=4 | 0.13% | loss = 0.15384
Epoch=4 | 2.79% | loss = 0.31985
Epoch=4 | 5.44% | loss = 0.13304
Epoch=4 | 8.10% | loss = 0.87097
Epoch=4 | 10.76% | loss = 0.30372
Epoch=4 | 13.41% | loss = 0.06124
Epoch=4 | 16.07% | loss = 0.39071
Epoch=4 | 18.73% | loss = 0.24621
Epoch=4 | 21.38% | loss = 0.26671
Epoch=4 | 24.04% | loss = 0.88420
Epoch=4 | 26.69% | loss = 0.11461
Epoch=4 | 29.35% | loss = 0.18776
Epoch=4 | 32.01% | loss = 0.36025
Epoch=4 | 34.66% | loss = 0.21533
Epoch=4 | 37.32% | loss = 0.18007
Epoch=4 | 39.97% | loss = 0.37342
Epoch=4 | 42.63% | loss = 0.39742
Epoch=4 | 45.29% | loss = 0.44699
Epoch=4 | 47.94% | loss = 0.35816
Epoch=4 | 50.60% | loss = 0.12969
Epoch=4 | 53.25% | loss = 0.11146
Epoch=4 | 55.91% | loss = 0.28989
Epoch=4 | 58.57% | loss = 0.11230
Epoch=4 | 61.22% | loss = 0.07472
Epoch=4 | 63.88% | loss = 0.38566
Epoch=4 | 66.53% | loss = 0.13157
Epoch=4 | 69.19% | loss = 0.06037
Epoch=4 | 71.85% | loss = 0.04368
Epoch=4 | 74.50% | loss = 0.56592
Epoch=4 | 77.16% | loss = 0.15256
Epoch=4 | 79.81% | loss = 0.14979
Epoch=4 | 82.47% | loss = 0.24442
Epoch=4 | 85.13% | loss = 0.17506
Epoch=4 | 87.78% | loss = 0.12790
Epoch=4 | 90.44% | loss = 0.03639
Epoch=4 | 93.09% | loss = 0.30412
Epoch=4 | 95.75% | loss = 0.04484
Epoch=4 | 98.41% | loss = 0.10562
Epoch=4 | 0.80% | loss = 0.04798
Epoch=4 | 16.80% | loss = 0.09889
Epoch=4 | 32.80% | loss = 0.20196
Epoch=4 | 48.80% | loss = 0.13548
Epoch=4 | 64.80% | loss = 0.34515
Epoch=4 | 80.80% | loss = 0.44578
Epoch=4 | 96.80% | loss = 0.30967
Epoch=5 | 0.13% | loss = 0.16009
Epoch=5 | 2.79% | loss = 0.02704
Epoch=5 | 5.44% | loss = 0.29772
Epoch=5 | 8.10% | loss = 0.33992
Epoch=5 | 10.76% | loss = 0.13923
Epoch=5 | 13.41% | loss = 0.26564
Epoch=5 | 16.07% | loss = 0.03249
Epoch=5 | 18.73% | loss = 0.72551
Epoch=5 | 21.38% | loss = 0.18202
Epoch=5 | 24.04% | loss = 0.07646
Epoch=5 | 26.69% | loss = 0.06131
Epoch=5 | 29.35% | loss = 0.23928
Epoch=5 | 32.01% | loss = 1.13458
Epoch=5 | 34.66% | loss = 0.34480
Epoch=5 | 37.32% | loss = 0.06476
Epoch=5 | 39.97% | loss = 0.04578
Epoch=5 | 42.63% | loss = 0.12934
Epoch=5 | 45.29% | loss = 0.37348
Epoch=5 | 47.94% | loss = 0.15960
Epoch=5 | 50.60% | loss = 0.22488
Epoch=5 | 53.25% | loss = 0.32083
Epoch=5 | 55.91% | loss = 0.16289
Epoch=5 | 58.57% | loss = 0.30974
Epoch=5 | 61.22% | loss = 0.34968
Epoch=5 | 63.88% | loss = 0.52054
Epoch=5 | 66.53% | loss = 0.45524
Epoch=5 | 69.19% | loss = 0.04383
Epoch=5 | 71.85% | loss = 0.33060
Epoch=5 | 74.50% | loss = 0.09199
Epoch=5 | 77.16% | loss = 0.23538
Epoch=5 | 79.81% | loss = 0.08558
Epoch=5 | 82.47% | loss = 0.04054
Epoch=5 | 85.13% | loss = 0.27809
Epoch=5 | 87.78% | loss = 0.14231
Epoch=5 | 90.44% | loss = 0.09550
Epoch=5 | 93.09% | loss = 0.08920
Epoch=5 | 95.75% | loss = 0.04837
Epoch=5 | 98.41% | loss = 0.50842
Epoch=5 | 0.80% | loss = 0.40268
Epoch=5 | 16.80% | loss = 0.84501
Epoch=5 | 32.80% | loss = 0.21961
Epoch=5 | 48.80% | loss = 0.39366
Epoch=5 | 64.80% | loss = 0.05026
Epoch=5 | 80.80% | loss = 0.34391
Epoch=5 | 96.80% | loss = 0.12074
Epoch=6 | 0.13% | loss = 0.35743
Epoch=6 | 2.79% | loss = 0.08236
Epoch=6 | 5.44% | loss = 0.09767
Epoch=6 | 8.10% | loss = 0.20833
Epoch=6 | 10.76% | loss = 0.14313
Epoch=6 | 13.41% | loss = 0.06447
Epoch=6 | 16.07% | loss = 0.31176
Epoch=6 | 18.73% | loss = 0.18346
Epoch=6 | 21.38% | loss = 0.22487
Epoch=6 | 24.04% | loss = 0.13757
Epoch=6 | 26.69% | loss = 0.08871
Epoch=6 | 29.35% | loss = 0.02914
Epoch=6 | 32.01% | loss = 0.11259
Epoch=6 | 34.66% | loss = 0.09819
Epoch=6 | 37.32% | loss = 0.16337
Epoch=6 | 39.97% | loss = 0.34403
Epoch=6 | 42.63% | loss = 0.25154
Epoch=6 | 45.29% | loss = 0.06375
Epoch=6 | 47.94% | loss = 0.12102
Epoch=6 | 50.60% | loss = 0.93429
Epoch=6 | 53.25% | loss = 0.27793
Epoch=6 | 55.91% | loss = 0.23544
Epoch=6 | 58.57% | loss = 0.12728
Epoch=6 | 61.22% | loss = 0.40258
Epoch=6 | 63.88% | loss = 0.15951
Epoch=6 | 66.53% | loss = 0.17301
Epoch=6 | 69.19% | loss = 0.18662
Epoch=6 | 71.85% | loss = 0.05011
Epoch=6 | 74.50% | loss = 0.18912
Epoch=6 | 77.16% | loss = 0.29210
Epoch=6 | 79.81% | loss = 0.06575
Epoch=6 | 82.47% | loss = 0.08629
Epoch=6 | 85.13% | loss = 0.03913
Epoch=6 | 87.78% | loss = 0.39008
Epoch=6 | 90.44% | loss = 0.12033
Epoch=6 | 93.09% | loss = 0.38044
Epoch=6 | 95.75% | loss = 0.07950
Epoch=6 | 98.41% | loss = 0.09137
Epoch=6 | 0.80% | loss = 0.10841
Epoch=6 | 16.80% | loss = 0.17902
Epoch=6 | 32.80% | loss = 0.25283
Epoch=6 | 48.80% | loss = 0.11878
Epoch=6 | 64.80% | loss = 0.07979
Epoch=6 | 80.80% | loss = 0.46496
Epoch=6 | 96.80% | loss = 0.31749
Epoch=7 | 0.13% | loss = 0.14715
Epoch=7 | 2.79% | loss = 0.09259
Epoch=7 | 5.44% | loss = 0.43617
Epoch=7 | 8.10% | loss = 0.02549
Epoch=7 | 10.76% | loss = 0.19969
Epoch=7 | 13.41% | loss = 0.31608
Epoch=7 | 16.07% | loss = 0.04035
Epoch=7 | 18.73% | loss = 0.06561
Epoch=7 | 21.38% | loss = 0.03763
Epoch=7 | 24.04% | loss = 0.07884
Epoch=7 | 26.69% | loss = 0.16363
Epoch=7 | 29.35% | loss = 0.10375
Epoch=7 | 32.01% | loss = 0.12818
Epoch=7 | 34.66% | loss = 0.08482
Epoch=7 | 37.32% | loss = 0.44326
Epoch=7 | 39.97% | loss = 0.38245
Epoch=7 | 42.63% | loss = 0.16321
Epoch=7 | 45.29% | loss = 0.10584
Epoch=7 | 47.94% | loss = 0.15075
Epoch=7 | 50.60% | loss = 0.12204
Epoch=7 | 53.25% | loss = 0.07004
Epoch=7 | 55.91% | loss = 0.14216
Epoch=7 | 58.57% | loss = 0.03807
Epoch=7 | 61.22% | loss = 0.29464
Epoch=7 | 63.88% | loss = 0.05834
Epoch=7 | 66.53% | loss = 0.02592
Epoch=7 | 69.19% | loss = 0.09813
Epoch=7 | 71.85% | loss = 0.05680
Epoch=7 | 74.50% | loss = 0.11828
Epoch=7 | 77.16% | loss = 0.03022
Epoch=7 | 79.81% | loss = 0.40784
Epoch=7 | 82.47% | loss = 0.15649
Epoch=7 | 85.13% | loss = 0.12676
Epoch=7 | 87.78% | loss = 0.12998
Epoch=7 | 90.44% | loss = 0.12952
Epoch=7 | 93.09% | loss = 0.15982
Epoch=7 | 95.75% | loss = 0.23505
Epoch=7 | 98.41% | loss = 0.15241
Epoch=7 | 0.80% | loss = 0.56958
Epoch=7 | 16.80% | loss = 0.25247
Epoch=7 | 32.80% | loss = 0.24058
Epoch=7 | 48.80% | loss = 0.07156
Epoch=7 | 64.80% | loss = 0.04255
Epoch=7 | 80.80% | loss = 0.05027
Epoch=7 | 96.80% | loss = 0.27212
Epoch=8 | 0.13% | loss = 0.49541
Epoch=8 | 2.79% | loss = 0.10240
Epoch=8 | 5.44% | loss = 0.28609
Epoch=8 | 8.10% | loss = 0.05842
Epoch=8 | 10.76% | loss = 0.20264
Epoch=8 | 13.41% | loss = 0.43233
Epoch=8 | 16.07% | loss = 0.11252
Epoch=8 | 18.73% | loss = 0.09731
Epoch=8 | 21.38% | loss = 0.03954
Epoch=8 | 24.04% | loss = 0.06181
Epoch=8 | 26.69% | loss = 0.10926
Epoch=8 | 29.35% | loss = 0.17642
Epoch=8 | 32.01% | loss = 0.07771
Epoch=8 | 34.66% | loss = 0.15835
Epoch=8 | 37.32% | loss = 0.04339
Epoch=8 | 39.97% | loss = 0.08854
Epoch=8 | 42.63% | loss = 0.27477
Epoch=8 | 45.29% | loss = 0.15211
Epoch=8 | 47.94% | loss = 0.13883
Epoch=8 | 50.60% | loss = 0.04275
Epoch=8 | 53.25% | loss = 0.44371
Epoch=8 | 55.91% | loss = 0.05287
Epoch=8 | 58.57% | loss = 0.05763
Epoch=8 | 61.22% | loss = 0.06864
Epoch=8 | 63.88% | loss = 0.04218
Epoch=8 | 66.53% | loss = 0.15457
Epoch=8 | 69.19% | loss = 0.07325
Epoch=8 | 71.85% | loss = 0.09973
Epoch=8 | 74.50% | loss = 0.13747
Epoch=8 | 77.16% | loss = 0.12760
Epoch=8 | 79.81% | loss = 0.19616
Epoch=8 | 82.47% | loss = 0.12600
Epoch=8 | 85.13% | loss = 0.13250
Epoch=8 | 87.78% | loss = 0.06037
Epoch=8 | 90.44% | loss = 0.09979
Epoch=8 | 93.09% | loss = 0.17279
Epoch=8 | 95.75% | loss = 0.07146
Epoch=8 | 98.41% | loss = 0.02630
Epoch=8 | 0.80% | loss = 0.39563
Epoch=8 | 16.80% | loss = 0.27288
Epoch=8 | 32.80% | loss = 0.37567
Epoch=8 | 48.80% | loss = 0.17235
Epoch=8 | 64.80% | loss = 0.19507
Epoch=8 | 80.80% | loss = 0.11534
Epoch=8 | 96.80% | loss = 0.46197
Epoch=9 | 0.13% | loss = 0.05828
Epoch=9 | 2.79% | loss = 0.20108
Epoch=9 | 5.44% | loss = 0.14690
Epoch=9 | 8.10% | loss = 0.09767
Epoch=9 | 10.76% | loss = 0.13245
Epoch=9 | 13.41% | loss = 0.17271
Epoch=9 | 16.07% | loss = 0.17441
Epoch=9 | 18.73% | loss = 0.17297
Epoch=9 | 21.38% | loss = 0.16945
Epoch=9 | 24.04% | loss = 0.05296
Epoch=9 | 26.69% | loss = 0.19842
Epoch=9 | 29.35% | loss = 0.15376
Epoch=9 | 32.01% | loss = 0.07657
Epoch=9 | 34.66% | loss = 0.12085
Epoch=9 | 37.32% | loss = 0.25192
Epoch=9 | 39.97% | loss = 0.00876
Epoch=9 | 42.63% | loss = 0.02223
Epoch=9 | 45.29% | loss = 0.02555
Epoch=9 | 47.94% | loss = 0.20297
Epoch=9 | 50.60% | loss = 0.14934
Epoch=9 | 53.25% | loss = 0.03049
Epoch=9 | 55.91% | loss = 0.10844
Epoch=9 | 58.57% | loss = 0.03608
Epoch=9 | 61.22% | loss = 0.17137
Epoch=9 | 63.88% | loss = 0.09905
Epoch=9 | 66.53% | loss = 0.11192
Epoch=9 | 69.19% | loss = 0.11648
Epoch=9 | 71.85% | loss = 0.06016
Epoch=9 | 74.50% | loss = 0.40942
Epoch=9 | 77.16% | loss = 0.11806
Epoch=9 | 79.81% | loss = 0.14450
Epoch=9 | 82.47% | loss = 0.08399
Epoch=9 | 85.13% | loss = 0.07518
Epoch=9 | 87.78% | loss = 0.09724
Epoch=9 | 90.44% | loss = 0.32663
Epoch=9 | 93.09% | loss = 0.10255
Epoch=9 | 95.75% | loss = 0.21793
Epoch=9 | 98.41% | loss = 0.03033
Epoch=9 | 0.80% | loss = 0.28195
Epoch=9 | 16.80% | loss = 0.27916
Epoch=9 | 32.80% | loss = 0.08469
Epoch=9 | 48.80% | loss = 0.26473
Epoch=9 | 64.80% | loss = 0.01904
Epoch=9 | 80.80% | loss = 0.20368
Epoch=9 | 96.80% | loss = 0.04070
Epoch=10 | 0.13% | loss = 0.13795
Epoch=10 | 2.79% | loss = 0.35070
Epoch=10 | 5.44% | loss = 0.05199
Epoch=10 | 8.10% | loss = 0.11358
Epoch=10 | 10.76% | loss = 0.06453
Epoch=10 | 13.41% | loss = 0.12486
Epoch=10 | 16.07% | loss = 0.07811
Epoch=10 | 18.73% | loss = 0.33053
Epoch=10 | 21.38% | loss = 0.07608
Epoch=10 | 24.04% | loss = 0.09958
Epoch=10 | 26.69% | loss = 0.14614
Epoch=10 | 29.35% | loss = 0.04378
Epoch=10 | 32.01% | loss = 0.03511
Epoch=10 | 34.66% | loss = 0.02840
Epoch=10 | 37.32% | loss = 0.03779
Epoch=10 | 39.97% | loss = 0.02399
Epoch=10 | 42.63% | loss = 0.28275
Epoch=10 | 45.29% | loss = 0.05228
Epoch=10 | 47.94% | loss = 0.05308
Epoch=10 | 50.60% | loss = 0.14525
Epoch=10 | 53.25% | loss = 0.12690
Epoch=10 | 55.91% | loss = 0.22921
Epoch=10 | 58.57% | loss = 0.26095
Epoch=10 | 61.22% | loss = 0.05221
Epoch=10 | 63.88% | loss = 0.26905
Epoch=10 | 66.53% | loss = 0.23976
Epoch=10 | 69.19% | loss = 0.16881
Epoch=10 | 71.85% | loss = 0.12424
Epoch=10 | 74.50% | loss = 0.03452
Epoch=10 | 77.16% | loss = 0.02318
Epoch=10 | 79.81% | loss = 0.05060
Epoch=10 | 82.47% | loss = 0.04226
Epoch=10 | 85.13% | loss = 0.03075
Epoch=10 | 87.78% | loss = 0.03240
Epoch=10 | 90.44% | loss = 0.40574
Epoch=10 | 93.09% | loss = 0.07995
Epoch=10 | 95.75% | loss = 0.24291
Epoch=10 | 98.41% | loss = 0.02117
Epoch=10 | 0.80% | loss = 0.03162
Epoch=10 | 16.80% | loss = 0.18732
Epoch=10 | 32.80% | loss = 0.06094
Epoch=10 | 48.80% | loss = 0.16699
Epoch=10 | 64.80% | loss = 0.13720
Epoch=10 | 80.80% | loss = 0.20145
Epoch=10 | 96.80% | loss = 0.28972
Epoch=11 | 0.13% | loss = 0.01505
Epoch=11 | 2.79% | loss = 0.08830
Epoch=11 | 5.44% | loss = 0.06021
Epoch=11 | 8.10% | loss = 0.00935
Epoch=11 | 10.76% | loss = 0.08328
Epoch=11 | 13.41% | loss = 0.21437
Epoch=11 | 16.07% | loss = 0.10778
Epoch=11 | 18.73% | loss = 0.12207
Epoch=11 | 21.38% | loss = 0.03930
Epoch=11 | 24.04% | loss = 0.12126
Epoch=11 | 26.69% | loss = 0.03310
Epoch=11 | 29.35% | loss = 0.03607
Epoch=11 | 32.01% | loss = 0.06877
Epoch=11 | 34.66% | loss = 0.06512
Epoch=11 | 37.32% | loss = 0.24766
Epoch=11 | 39.97% | loss = 0.22668
Epoch=11 | 42.63% | loss = 0.03157
Epoch=11 | 45.29% | loss = 0.10111
Epoch=11 | 47.94% | loss = 0.10406
Epoch=11 | 50.60% | loss = 0.10123
Epoch=11 | 53.25% | loss = 0.10198
Epoch=11 | 55.91% | loss = 0.06436
Epoch=11 | 58.57% | loss = 0.20012
Epoch=11 | 61.22% | loss = 0.07112
Epoch=11 | 63.88% | loss = 0.03523
Epoch=11 | 66.53% | loss = 0.09295
Epoch=11 | 69.19% | loss = 0.04925
Epoch=11 | 71.85% | loss = 0.12306
Epoch=11 | 74.50% | loss = 0.07956
Epoch=11 | 77.16% | loss = 0.17059
Epoch=11 | 79.81% | loss = 0.01712
Epoch=11 | 82.47% | loss = 0.27241
Epoch=11 | 85.13% | loss = 0.22491
Epoch=11 | 87.78% | loss = 0.07488
Epoch=11 | 90.44% | loss = 0.19181
Epoch=11 | 93.09% | loss = 0.19329
Epoch=11 | 95.75% | loss = 0.02276
Epoch=11 | 98.41% | loss = 0.20267
Epoch=11 | 0.80% | loss = 0.74260
Epoch=11 | 16.80% | loss = 0.52551
Epoch=11 | 32.80% | loss = 0.17162
Epoch=11 | 48.80% | loss = 0.14089
Epoch=11 | 64.80% | loss = 0.53132
Epoch=11 | 80.80% | loss = 0.36387
Epoch=11 | 96.80% | loss = 0.21885
Epoch=12 | 0.13% | loss = 0.04531
Epoch=12 | 2.79% | loss = 0.10760
Epoch=12 | 5.44% | loss = 0.03121
Epoch=12 | 8.10% | loss = 0.03673
Epoch=12 | 10.76% | loss = 0.13468
Epoch=12 | 13.41% | loss = 0.01186
Epoch=12 | 16.07% | loss = 0.05648
Epoch=12 | 18.73% | loss = 0.07874
Epoch=12 | 21.38% | loss = 0.03298
Epoch=12 | 24.04% | loss = 0.05865
Epoch=12 | 26.69% | loss = 0.12510
Epoch=12 | 29.35% | loss = 0.03028
Epoch=12 | 32.01% | loss = 0.11440
Epoch=12 | 34.66% | loss = 0.04209
Epoch=12 | 37.32% | loss = 0.07860
Epoch=12 | 39.97% | loss = 0.04531
Epoch=12 | 42.63% | loss = 0.07404
Epoch=12 | 45.29% | loss = 0.19550
Epoch=12 | 47.94% | loss = 0.06290
Epoch=12 | 50.60% | loss = 0.09568
Epoch=12 | 53.25% | loss = 0.11203
Epoch=12 | 55.91% | loss = 0.02590
Epoch=12 | 58.57% | loss = 0.04175
Epoch=12 | 61.22% | loss = 0.03142
Epoch=12 | 63.88% | loss = 0.29766
Epoch=12 | 66.53% | loss = 0.04833
Epoch=12 | 69.19% | loss = 0.05241
Epoch=12 | 71.85% | loss = 0.02952
Epoch=12 | 74.50% | loss = 0.03904
Epoch=12 | 77.16% | loss = 0.10979
Epoch=12 | 79.81% | loss = 0.21210
Epoch=12 | 82.47% | loss = 0.09418
Epoch=12 | 85.13% | loss = 0.04702
Epoch=12 | 87.78% | loss = 0.13650
Epoch=12 | 90.44% | loss = 0.06069
Epoch=12 | 93.09% | loss = 0.15611
Epoch=12 | 95.75% | loss = 0.05401
Epoch=12 | 98.41% | loss = 0.02926
Epoch=12 | 0.80% | loss = 0.18026
Epoch=12 | 16.80% | loss = 0.07051
Epoch=12 | 32.80% | loss = 0.05964
Epoch=12 | 48.80% | loss = 0.39394
Epoch=12 | 64.80% | loss = 0.02166
Epoch=12 | 80.80% | loss = 0.21246
Epoch=12 | 96.80% | loss = 0.09726
Epoch=13 | 0.13% | loss = 0.02233
Epoch=13 | 2.79% | loss = 0.03980
Epoch=13 | 5.44% | loss = 0.12927
Epoch=13 | 8.10% | loss = 0.12301
Epoch=13 | 10.76% | loss = 0.02852
Epoch=13 | 13.41% | loss = 0.13865
Epoch=13 | 16.07% | loss = 0.09484
Epoch=13 | 18.73% | loss = 0.16457
Epoch=13 | 21.38% | loss = 0.03225
Epoch=13 | 24.04% | loss = 0.06194
Epoch=13 | 26.69% | loss = 0.19425
Epoch=13 | 29.35% | loss = 0.01951
Epoch=13 | 32.01% | loss = 0.02830
Epoch=13 | 34.66% | loss = 0.16289
Epoch=13 | 37.32% | loss = 0.15594
Epoch=13 | 39.97% | loss = 0.04449
Epoch=13 | 42.63% | loss = 0.06884
Epoch=13 | 45.29% | loss = 0.11519
Epoch=13 | 47.94% | loss = 0.18826
Epoch=13 | 50.60% | loss = 0.14596
Epoch=13 | 53.25% | loss = 0.27406
Epoch=13 | 55.91% | loss = 0.05501
Epoch=13 | 58.57% | loss = 0.05287
Epoch=13 | 61.22% | loss = 0.16502
Epoch=13 | 63.88% | loss = 0.12123
Epoch=13 | 66.53% | loss = 0.04541
Epoch=13 | 69.19% | loss = 0.04759
Epoch=13 | 71.85% | loss = 0.06977
Epoch=13 | 74.50% | loss = 0.03854
Epoch=13 | 77.16% | loss = 0.15084
Epoch=13 | 79.81% | loss = 0.17198
Epoch=13 | 82.47% | loss = 0.10573
Epoch=13 | 85.13% | loss = 0.07459
Epoch=13 | 87.78% | loss = 0.12661
Epoch=13 | 90.44% | loss = 0.01141
Epoch=13 | 93.09% | loss = 0.07684
Epoch=13 | 95.75% | loss = 0.03999
Epoch=13 | 98.41% | loss = 0.08601
Epoch=13 | 0.80% | loss = 0.22886
Epoch=13 | 16.80% | loss = 0.19371
Epoch=13 | 32.80% | loss = 0.16964
Epoch=13 | 48.80% | loss = 0.16656
Epoch=13 | 64.80% | loss = 0.51698
Epoch=13 | 80.80% | loss = 0.01998
Epoch=13 | 96.80% | loss = 0.01070
Epoch=14 | 0.13% | loss = 0.07001
Epoch=14 | 2.79% | loss = 0.05318
Epoch=14 | 5.44% | loss = 0.23097
Epoch=14 | 8.10% | loss = 0.18411
Epoch=14 | 10.76% | loss = 0.03138
Epoch=14 | 13.41% | loss = 0.01173
Epoch=14 | 16.07% | loss = 0.15161
Epoch=14 | 18.73% | loss = 0.06869
Epoch=14 | 21.38% | loss = 0.08990
Epoch=14 | 24.04% | loss = 0.10459
Epoch=14 | 26.69% | loss = 0.08581
Epoch=14 | 29.35% | loss = 0.06462
Epoch=14 | 32.01% | loss = 0.18655
Epoch=14 | 34.66% | loss = 0.03195
Epoch=14 | 37.32% | loss = 0.15240
Epoch=14 | 39.97% | loss = 0.11424
Epoch=14 | 42.63% | loss = 0.32963
Epoch=14 | 45.29% | loss = 0.21387
Epoch=14 | 47.94% | loss = 0.02028
Epoch=14 | 50.60% | loss = 0.02196
Epoch=14 | 53.25% | loss = 0.01064
Epoch=14 | 55.91% | loss = 0.01687
Epoch=14 | 58.57% | loss = 0.08066
Epoch=14 | 61.22% | loss = 0.05604
Epoch=14 | 63.88% | loss = 0.08055
Epoch=14 | 66.53% | loss = 0.01997
Epoch=14 | 69.19% | loss = 0.05849
Epoch=14 | 71.85% | loss = 0.01309
Epoch=14 | 74.50% | loss = 0.05918
Epoch=14 | 77.16% | loss = 0.06984
Epoch=14 | 79.81% | loss = 0.10507
Epoch=14 | 82.47% | loss = 0.03899
Epoch=14 | 85.13% | loss = 0.16538
Epoch=14 | 87.78% | loss = 0.24344
Epoch=14 | 90.44% | loss = 0.02277
Epoch=14 | 93.09% | loss = 0.05503
Epoch=14 | 95.75% | loss = 0.11006
Epoch=14 | 98.41% | loss = 0.03690
Epoch=14 | 0.80% | loss = 0.12815
Epoch=14 | 16.80% | loss = 0.40455
Epoch=14 | 32.80% | loss = 0.24630
Epoch=14 | 48.80% | loss = 0.96072
Epoch=14 | 64.80% | loss = 0.17562
Epoch=14 | 80.80% | loss = 0.34749
Epoch=14 | 96.80% | loss = 0.12621
Epoch=15 | 0.13% | loss = 0.06808
Epoch=15 | 2.79% | loss = 0.00924
Epoch=15 | 5.44% | loss = 0.02861
Epoch=15 | 8.10% | loss = 0.01225
Epoch=15 | 10.76% | loss = 0.07001
Epoch=15 | 13.41% | loss = 0.05087
Epoch=15 | 16.07% | loss = 0.02269
Epoch=15 | 18.73% | loss = 0.48922
Epoch=15 | 21.38% | loss = 0.03570
Epoch=15 | 24.04% | loss = 0.11124
Epoch=15 | 26.69% | loss = 0.27408
Epoch=15 | 29.35% | loss = 0.01844
Epoch=15 | 32.01% | loss = 0.10009
Epoch=15 | 34.66% | loss = 0.06360
Epoch=15 | 37.32% | loss = 0.06874
Epoch=15 | 39.97% | loss = 0.06611
Epoch=15 | 42.63% | loss = 0.02050
Epoch=15 | 45.29% | loss = 0.09450
Epoch=15 | 47.94% | loss = 0.17728
Epoch=15 | 50.60% | loss = 0.02837
Epoch=15 | 53.25% | loss = 0.07106
Epoch=15 | 55.91% | loss = 0.01309
Epoch=15 | 58.57% | loss = 0.04565
Epoch=15 | 61.22% | loss = 0.05818
Epoch=15 | 63.88% | loss = 0.06679
Epoch=15 | 66.53% | loss = 0.07447
Epoch=15 | 69.19% | loss = 0.10774
Epoch=15 | 71.85% | loss = 0.12403
Epoch=15 | 74.50% | loss = 0.15456
Epoch=15 | 77.16% | loss = 0.31715
Epoch=15 | 79.81% | loss = 0.04438
Epoch=15 | 82.47% | loss = 0.04337
Epoch=15 | 85.13% | loss = 0.01709
Epoch=15 | 87.78% | loss = 0.04227
Epoch=15 | 90.44% | loss = 0.07236
Epoch=15 | 93.09% | loss = 0.09132
Epoch=15 | 95.75% | loss = 0.08034
Epoch=15 | 98.41% | loss = 0.20299
Epoch=15 | 0.80% | loss = 0.25230
Epoch=15 | 16.80% | loss = 0.05127
Epoch=15 | 32.80% | loss = 0.12777
Epoch=15 | 48.80% | loss = 0.21391
Epoch=15 | 64.80% | loss = 0.03423
Epoch=15 | 80.80% | loss = 0.00404
Epoch=15 | 96.80% | loss = 0.42836
Epoch=16 | 0.13% | loss = 0.01211
Epoch=16 | 2.79% | loss = 0.06094
Epoch=16 | 5.44% | loss = 0.04600
Epoch=16 | 8.10% | loss = 0.07976
Epoch=16 | 10.76% | loss = 0.02436
Epoch=16 | 13.41% | loss = 0.10054
Epoch=16 | 16.07% | loss = 0.02885
Epoch=16 | 18.73% | loss = 0.09735
Epoch=16 | 21.38% | loss = 0.04855
Epoch=16 | 24.04% | loss = 0.14478
Epoch=16 | 26.69% | loss = 0.05711
Epoch=16 | 29.35% | loss = 0.01580
Epoch=16 | 32.01% | loss = 0.02122
Epoch=16 | 34.66% | loss = 0.08454
Epoch=16 | 37.32% | loss = 0.09830
Epoch=16 | 39.97% | loss = 0.02402
Epoch=16 | 42.63% | loss = 0.03592
Epoch=16 | 45.29% | loss = 0.03351
Epoch=16 | 47.94% | loss = 0.06270
Epoch=16 | 50.60% | loss = 0.00815
Epoch=16 | 53.25% | loss = 0.02420
Epoch=16 | 55.91% | loss = 0.06329
Epoch=16 | 58.57% | loss = 0.06001
Epoch=16 | 61.22% | loss = 0.00855
Epoch=16 | 63.88% | loss = 0.65509
Epoch=16 | 66.53% | loss = 0.04009
Epoch=16 | 69.19% | loss = 0.05380
Epoch=16 | 71.85% | loss = 0.06198
Epoch=16 | 74.50% | loss = 0.07803
Epoch=16 | 77.16% | loss = 0.01053
Epoch=16 | 79.81% | loss = 0.09438
Epoch=16 | 82.47% | loss = 0.00845
Epoch=16 | 85.13% | loss = 0.00424
Epoch=16 | 87.78% | loss = 0.00670
Epoch=16 | 90.44% | loss = 0.01531
Epoch=16 | 93.09% | loss = 0.09835
Epoch=16 | 95.75% | loss = 0.06465
Epoch=16 | 98.41% | loss = 0.07314
Epoch=16 | 0.80% | loss = 0.28562
Epoch=16 | 16.80% | loss = 0.10987
Epoch=16 | 32.80% | loss = 0.44400
Epoch=16 | 48.80% | loss = 0.17552
Epoch=16 | 64.80% | loss = 0.08984
Epoch=16 | 80.80% | loss = 0.33971
Epoch=16 | 96.80% | loss = 0.14636
Epoch=17 | 0.13% | loss = 0.24458
Epoch=17 | 2.79% | loss = 0.02536
Epoch=17 | 5.44% | loss = 0.06643
Epoch=17 | 8.10% | loss = 0.01715
Epoch=17 | 10.76% | loss = 0.10283
Epoch=17 | 13.41% | loss = 0.10181
Epoch=17 | 16.07% | loss = 0.01387
Epoch=17 | 18.73% | loss = 0.02458
Epoch=17 | 21.38% | loss = 0.00725
Epoch=17 | 24.04% | loss = 0.02312
Epoch=17 | 26.69% | loss = 0.06413
Epoch=17 | 29.35% | loss = 0.26749
Epoch=17 | 32.01% | loss = 0.14319
Epoch=17 | 34.66% | loss = 0.01481
Epoch=17 | 37.32% | loss = 0.14842
Epoch=17 | 39.97% | loss = 0.04940
Epoch=17 | 42.63% | loss = 0.03347
Epoch=17 | 45.29% | loss = 0.08934
Epoch=17 | 47.94% | loss = 0.04718
Epoch=17 | 50.60% | loss = 0.04399
Epoch=17 | 53.25% | loss = 0.06162
Epoch=17 | 55.91% | loss = 0.12423
Epoch=17 | 58.57% | loss = 0.06039
Epoch=17 | 61.22% | loss = 0.00734
Epoch=17 | 63.88% | loss = 0.03376
Epoch=17 | 66.53% | loss = 0.15375
Epoch=17 | 69.19% | loss = 0.13426
Epoch=17 | 71.85% | loss = 0.05312
Epoch=17 | 74.50% | loss = 0.01899
Epoch=17 | 77.16% | loss = 0.03720
Epoch=17 | 79.81% | loss = 0.00736
Epoch=17 | 82.47% | loss = 0.06253
Epoch=17 | 85.13% | loss = 0.01779
Epoch=17 | 87.78% | loss = 0.00675
Epoch=17 | 90.44% | loss = 0.03846
Epoch=17 | 93.09% | loss = 0.12132
Epoch=17 | 95.75% | loss = 0.00413
Epoch=17 | 98.41% | loss = 0.05917
Epoch=17 | 0.80% | loss = 0.63353
Epoch=17 | 16.80% | loss = 0.01554
Epoch=17 | 32.80% | loss = 0.35623
Epoch=17 | 48.80% | loss = 0.27727
Epoch=17 | 64.80% | loss = 0.17985
Epoch=17 | 80.80% | loss = 0.78196
Epoch=17 | 96.80% | loss = 0.12253
Epoch=18 | 0.13% | loss = 0.28764
Epoch=18 | 2.79% | loss = 0.02338
Epoch=18 | 5.44% | loss = 0.02068
Epoch=18 | 8.10% | loss = 0.16375
Epoch=18 | 10.76% | loss = 0.00960
Epoch=18 | 13.41% | loss = 0.10236
Epoch=18 | 16.07% | loss = 0.05743
Epoch=18 | 18.73% | loss = 0.01652
Epoch=18 | 21.38% | loss = 0.05806
Epoch=18 | 24.04% | loss = 0.01711
Epoch=18 | 26.69% | loss = 0.05688
Epoch=18 | 29.35% | loss = 0.05189
Epoch=18 | 32.01% | loss = 0.01746
Epoch=18 | 34.66% | loss = 0.00710
Epoch=18 | 37.32% | loss = 0.08200
Epoch=18 | 39.97% | loss = 0.03250
Epoch=18 | 42.63% | loss = 0.04713
Epoch=18 | 45.29% | loss = 0.03439
Epoch=18 | 47.94% | loss = 0.03161
Epoch=18 | 50.60% | loss = 0.03609
Epoch=18 | 53.25% | loss = 0.12410
Epoch=18 | 55.91% | loss = 0.00551
Epoch=18 | 58.57% | loss = 0.02657
Epoch=18 | 61.22% | loss = 0.05159
Epoch=18 | 63.88% | loss = 0.10790
Epoch=18 | 66.53% | loss = 0.05285
Epoch=18 | 69.19% | loss = 0.08121
Epoch=18 | 71.85% | loss = 0.06004
Epoch=18 | 74.50% | loss = 0.11261
Epoch=18 | 77.16% | loss = 0.02390
Epoch=18 | 79.81% | loss = 0.02779
Epoch=18 | 82.47% | loss = 0.13012
Epoch=18 | 85.13% | loss = 0.05282
Epoch=18 | 87.78% | loss = 0.24308
Epoch=18 | 90.44% | loss = 0.05952
Epoch=18 | 93.09% | loss = 0.11281
Epoch=18 | 95.75% | loss = 0.07020
Epoch=18 | 98.41% | loss = 0.01953
Epoch=18 | 0.80% | loss = 0.03162
Epoch=18 | 16.80% | loss = 0.23097
Epoch=18 | 32.80% | loss = 0.58019
Epoch=18 | 48.80% | loss = 0.44618
Epoch=18 | 64.80% | loss = 0.45182
Epoch=18 | 80.80% | loss = 1.31440
Epoch=18 | 96.80% | loss = 0.54597
Epoch=19 | 0.13% | loss = 0.05255
Epoch=19 | 2.79% | loss = 0.02466
Epoch=19 | 5.44% | loss = 0.01831
Epoch=19 | 8.10% | loss = 0.01531
Epoch=19 | 10.76% | loss = 0.12662
Epoch=19 | 13.41% | loss = 0.01704
Epoch=19 | 16.07% | loss = 0.03829
Epoch=19 | 18.73% | loss = 0.21128
Epoch=19 | 21.38% | loss = 0.00976
Epoch=19 | 24.04% | loss = 0.12202
Epoch=19 | 26.69% | loss = 0.03092
Epoch=19 | 29.35% | loss = 0.01487
Epoch=19 | 32.01% | loss = 0.01854
Epoch=19 | 34.66% | loss = 0.02824
Epoch=19 | 37.32% | loss = 0.01557
Epoch=19 | 39.97% | loss = 0.04653
Epoch=19 | 42.63% | loss = 0.00488
Epoch=19 | 45.29% | loss = 0.03750
Epoch=19 | 47.94% | loss = 0.17017
Epoch=19 | 50.60% | loss = 0.02970
Epoch=19 | 53.25% | loss = 0.00876
Epoch=19 | 55.91% | loss = 0.03323
Epoch=19 | 58.57% | loss = 0.30829
Epoch=19 | 61.22% | loss = 0.01252
Epoch=19 | 63.88% | loss = 0.03021
Epoch=19 | 66.53% | loss = 0.04057
Epoch=19 | 69.19% | loss = 0.39205
Epoch=19 | 71.85% | loss = 0.08624
Epoch=19 | 74.50% | loss = 0.03901
Epoch=19 | 77.16% | loss = 0.05038
Epoch=19 | 79.81% | loss = 0.03860
Epoch=19 | 82.47% | loss = 0.00176
Epoch=19 | 85.13% | loss = 0.07863
Epoch=19 | 87.78% | loss = 0.03078
Epoch=19 | 90.44% | loss = 0.29311
Epoch=19 | 93.09% | loss = 0.03329
Epoch=19 | 95.75% | loss = 0.10427
Epoch=19 | 98.41% | loss = 0.04677
Epoch=19 | 0.80% | loss = 0.45921
Epoch=19 | 16.80% | loss = 0.38478
Epoch=19 | 32.80% | loss = 0.10730
Epoch=19 | 48.80% | loss = 0.73828
Epoch=19 | 64.80% | loss = 0.31301
Epoch=19 | 80.80% | loss = 0.48551
Epoch=19 | 96.80% | loss = 0.24938
Accuracy of buildings      : 99.2%
Accuracy of forest         : 99.5%
Accuracy of glacier        : 97.4%
Accuracy of mountain       : 98.9%
Accuracy of sea            : 98.7%
Accuracy of street         : 99.4%
Accuracy of buildings      : 94.2%
Accuracy of forest         : 99.4%
Accuracy of glacier        : 86.5%
Accuracy of mountain       : 87.6%
Accuracy of sea            : 96.3%
Accuracy of street         : 91.4%
Epoch=0 | 0.53% | loss = 0.09441
Epoch=0 | 11.17% | loss = 0.18406
Epoch=0 | 21.81% | loss = 0.39041
Epoch=0 | 32.45% | loss = 0.77537
Epoch=0 | 43.09% | loss = 0.22351
Epoch=0 | 53.72% | loss = 0.28840
Epoch=0 | 64.36% | loss = 0.04521
Epoch=0 | 75.00% | loss = 0.41804
Epoch=0 | 85.64% | loss = 0.07981
Epoch=0 | 96.28% | loss = 0.44614
Epoch=1 | 0.53% | loss = 0.52165
Epoch=1 | 11.17% | loss = 0.11486
Epoch=1 | 21.81% | loss = 0.10223
Epoch=1 | 32.45% | loss = 0.01337
Epoch=1 | 43.09% | loss = 0.13006
Epoch=1 | 53.72% | loss = 0.41354
Epoch=1 | 64.36% | loss = 0.02685
Epoch=1 | 75.00% | loss = 0.20955
Epoch=1 | 85.64% | loss = 0.15945
Epoch=1 | 96.28% | loss = 0.36676
Epoch=2 | 0.53% | loss = 0.05586
Epoch=2 | 11.17% | loss = 0.04100
Epoch=2 | 21.81% | loss = 0.04440
Epoch=2 | 32.45% | loss = 0.00259
Epoch=2 | 43.09% | loss = 0.06322
Epoch=2 | 53.72% | loss = 0.51556
Epoch=2 | 64.36% | loss = 0.28585
Epoch=2 | 75.00% | loss = 0.31778
Epoch=2 | 85.64% | loss = 0.10713
Epoch=2 | 96.28% | loss = 0.10699
Epoch=3 | 0.53% | loss = 0.30441
Epoch=3 | 11.17% | loss = 0.00930
Epoch=3 | 21.81% | loss = 0.38541
Epoch=3 | 32.45% | loss = 0.21477
Epoch=3 | 43.09% | loss = 0.49040
Epoch=3 | 53.72% | loss = 0.02811
Epoch=3 | 64.36% | loss = 0.31510
Epoch=3 | 75.00% | loss = 0.02336
Epoch=3 | 85.64% | loss = 0.70620
Epoch=3 | 96.28% | loss = 0.14847
Epoch=4 | 0.53% | loss = 0.33029
Epoch=4 | 11.17% | loss = 0.06166
Epoch=4 | 21.81% | loss = 0.28780
Epoch=4 | 32.45% | loss = 0.26451
Epoch=4 | 43.09% | loss = 0.33182
Epoch=4 | 53.72% | loss = 0.08888
Epoch=4 | 64.36% | loss = 0.05155
Epoch=4 | 75.00% | loss = 0.02650
Epoch=4 | 85.64% | loss = 0.99149
Epoch=4 | 96.28% | loss = 0.59787
Epoch=5 | 0.53% | loss = 0.27170
Epoch=5 | 11.17% | loss = 0.03315
Epoch=5 | 21.81% | loss = 0.06463
Epoch=5 | 32.45% | loss = 0.02137
Epoch=5 | 43.09% | loss = 0.04095
Epoch=5 | 53.72% | loss = 0.58811
Epoch=5 | 64.36% | loss = 0.39274
Epoch=5 | 75.00% | loss = 0.26030
Epoch=5 | 85.64% | loss = 0.28239
Epoch=5 | 96.28% | loss = 0.44086
Epoch=6 | 0.53% | loss = 0.04059
Epoch=6 | 11.17% | loss = 0.03097
Epoch=6 | 21.81% | loss = 0.08131
Epoch=6 | 32.45% | loss = 0.05139
Epoch=6 | 43.09% | loss = 0.59545
Epoch=6 | 53.72% | loss = 0.04129
Epoch=6 | 64.36% | loss = 0.19634
Epoch=6 | 75.00% | loss = 0.06305
Epoch=6 | 85.64% | loss = 0.13710
Epoch=6 | 96.28% | loss = 0.40597
Epoch=7 | 0.53% | loss = 0.20435
Epoch=7 | 11.17% | loss = 1.19473
Epoch=7 | 21.81% | loss = 0.33943
Epoch=7 | 32.45% | loss = 0.11458
Epoch=7 | 43.09% | loss = 0.29833
Epoch=7 | 53.72% | loss = 0.13972
Epoch=7 | 64.36% | loss = 0.49052
Epoch=7 | 75.00% | loss = 0.00559
Epoch=7 | 85.64% | loss = 0.02561
Epoch=7 | 96.28% | loss = 0.00462
Epoch=8 | 0.53% | loss = 0.88145
Epoch=8 | 11.17% | loss = 0.04708
Epoch=8 | 21.81% | loss = 0.06629
Epoch=8 | 32.45% | loss = 0.21948
Epoch=8 | 43.09% | loss = 0.00945
Epoch=8 | 53.72% | loss = 0.19356
Epoch=8 | 64.36% | loss = 0.12748
Epoch=8 | 75.00% | loss = 0.08984
Epoch=8 | 85.64% | loss = 0.06389
Epoch=8 | 96.28% | loss = 0.04047
Epoch=9 | 0.53% | loss = 0.14088
Epoch=9 | 11.17% | loss = 1.08306
Epoch=9 | 21.81% | loss = 0.07388
Epoch=9 | 32.45% | loss = 0.69763
Epoch=9 | 43.09% | loss = 0.37280
Epoch=9 | 53.72% | loss = 0.01587
Epoch=9 | 64.36% | loss = 0.04417
Epoch=9 | 75.00% | loss = 0.29046
Epoch=9 | 85.64% | loss = 0.37769
Epoch=9 | 96.28% | loss = 0.13967
Epoch=10 | 0.53% | loss = 0.01461
Epoch=10 | 11.17% | loss = 0.43551
Epoch=10 | 21.81% | loss = 0.41796
Epoch=10 | 32.45% | loss = 0.19512
Epoch=10 | 43.09% | loss = 0.52523
Epoch=10 | 53.72% | loss = 0.60335
Epoch=10 | 64.36% | loss = 0.03806
Epoch=10 | 75.00% | loss = 0.32500
Epoch=10 | 85.64% | loss = 0.07579
Epoch=10 | 96.28% | loss = 0.35266
Epoch=11 | 0.53% | loss = 0.03215
Epoch=11 | 11.17% | loss = 0.36241
Epoch=11 | 21.81% | loss = 0.00686
Epoch=11 | 32.45% | loss = 0.12944
Epoch=11 | 43.09% | loss = 0.02399
Epoch=11 | 53.72% | loss = 0.25998
Epoch=11 | 64.36% | loss = 0.65399
Epoch=11 | 75.00% | loss = 0.51072
Epoch=11 | 85.64% | loss = 0.02193
Epoch=11 | 96.28% | loss = 0.69236
Epoch=12 | 0.53% | loss = 0.11410
Epoch=12 | 11.17% | loss = 0.03628
Epoch=12 | 21.81% | loss = 0.23131
Epoch=12 | 32.45% | loss = 0.00620
Epoch=12 | 43.09% | loss = 0.32797
Epoch=12 | 53.72% | loss = 0.14624
Epoch=12 | 64.36% | loss = 0.00855
Epoch=12 | 75.00% | loss = 0.05202
Epoch=12 | 85.64% | loss = 0.07171
Epoch=12 | 96.28% | loss = 0.06146
Epoch=13 | 0.53% | loss = 0.04809
Epoch=13 | 11.17% | loss = 0.20013
Epoch=13 | 21.81% | loss = 0.08527
Epoch=13 | 32.45% | loss = 0.15919
Epoch=13 | 43.09% | loss = 0.50727
Epoch=13 | 53.72% | loss = 0.03888
Epoch=13 | 64.36% | loss = 0.14272
Epoch=13 | 75.00% | loss = 0.01556
Epoch=13 | 85.64% | loss = 0.56535
Epoch=13 | 96.28% | loss = 0.05989
Epoch=14 | 0.53% | loss = 0.05254
Epoch=14 | 11.17% | loss = 0.07481
Epoch=14 | 21.81% | loss = 0.10300
Epoch=14 | 32.45% | loss = 0.09781
Epoch=14 | 43.09% | loss = 0.04211
Epoch=14 | 53.72% | loss = 0.57601
Epoch=14 | 64.36% | loss = 0.18706
Epoch=14 | 75.00% | loss = 0.02444
Epoch=14 | 85.64% | loss = 0.42544
Epoch=14 | 96.28% | loss = 0.00965
Epoch=15 | 0.53% | loss = 0.28237
Epoch=15 | 11.17% | loss = 0.14644
Epoch=15 | 21.81% | loss = 0.39920
Epoch=15 | 32.45% | loss = 0.05764
Epoch=15 | 43.09% | loss = 0.49594
Epoch=15 | 53.72% | loss = 0.44397
Epoch=15 | 64.36% | loss = 0.80371
Epoch=15 | 75.00% | loss = 0.14865
Epoch=15 | 85.64% | loss = 0.45774
Epoch=15 | 96.28% | loss = 0.66132
Epoch=16 | 0.53% | loss = 0.11765
Epoch=16 | 11.17% | loss = 0.26003
Epoch=16 | 21.81% | loss = 0.32931
Epoch=16 | 32.45% | loss = 0.22566
Epoch=16 | 43.09% | loss = 0.02199
Epoch=16 | 53.72% | loss = 0.16358
Epoch=16 | 64.36% | loss = 0.27532
Epoch=16 | 75.00% | loss = 0.02907
Epoch=16 | 85.64% | loss = 0.32415
Epoch=16 | 96.28% | loss = 0.11114
Epoch=17 | 0.53% | loss = 0.28689
Epoch=17 | 11.17% | loss = 0.63928
Epoch=17 | 21.81% | loss = 0.02074
Epoch=17 | 32.45% | loss = 0.18877
Epoch=17 | 43.09% | loss = 0.05653
Epoch=17 | 53.72% | loss = 0.03036
Epoch=17 | 64.36% | loss = 0.00754
Epoch=17 | 75.00% | loss = 0.25041
Epoch=17 | 85.64% | loss = 1.15321
Epoch=17 | 96.28% | loss = 0.19365
Epoch=18 | 0.53% | loss = 0.11253
Epoch=18 | 11.17% | loss = 0.42431
Epoch=18 | 21.81% | loss = 0.08217
Epoch=18 | 32.45% | loss = 0.01243
Epoch=18 | 43.09% | loss = 0.00524
Epoch=18 | 53.72% | loss = 1.00434
Epoch=18 | 64.36% | loss = 0.11579
Epoch=18 | 75.00% | loss = 0.12912
Epoch=18 | 85.64% | loss = 0.16404
Epoch=18 | 96.28% | loss = 0.22202
Epoch=19 | 0.53% | loss = 0.41721
Epoch=19 | 11.17% | loss = 0.18946
Epoch=19 | 21.81% | loss = 0.53563
Epoch=19 | 32.45% | loss = 0.01498
Epoch=19 | 43.09% | loss = 0.02480
Epoch=19 | 53.72% | loss = 0.28677
Epoch=19 | 64.36% | loss = 0.54203
Epoch=19 | 75.00% | loss = 0.61252
Epoch=19 | 85.64% | loss = 0.08062
Epoch=19 | 96.28% | loss = 0.64708
Accuracy of buildings      : 94.8%
Accuracy of forest         : 99.4%
Accuracy of glacier        : 85.0%
Accuracy of mountain       : 90.1%
Accuracy of sea            : 95.7%
Accuracy of street         : 93.1%
Accuracy of all combined   : 93.0%
Average precision of buildings      : 89.3%
Average precision of forest         : 98.4%
Average precision of glacier        : 77.1%
Average precision of mountain       : 79.8%
Average precision of sea            : 94.5%
Average precision of street         : 88.7%
